<?xml version="1.0" encoding="UTF-8"?>
<!-- Generated by org.testng.reporters.JUnitReportReporter -->
<testsuite hostname="DESKTOP-V07DUCD" failures="0" tests="1" name="contactsModule.T03_ValidateFinduplicateContactsTest" time="15.145" errors="0" timestamp="2022-09-19T20:24:04 IST" skipped="0">
  <testcase classname="contactsModule.T03_ValidateFinduplicateContactsTest" name="validateDuplicatesTest" time="15.145"/>
  <system-out/>
</testsuite> <!-- contactsModule.T03_ValidateFinduplicateContactsTest -->
