<?xml version="1.0" encoding="UTF-8"?>
<!-- Generated by org.testng.reporters.JUnitReportReporter -->
<testsuite hostname="DESKTOP-V07DUCD" failures="0" tests="5" name="contactsModule.T02_CreateContactsTest" time="83.758" errors="0" timestamp="2022-09-19T22:35:59 IST" skipped="0">
  <testcase classname="contactsModule.T02_CreateContactsTest" name="CreateContacts" time="16.409"/>
  <system-out/>
  <testcase classname="contactsModule.T02_CreateContactsTest" name="CreateContacts" time="17.792"/>
  <system-out/>
  <testcase classname="contactsModule.T02_CreateContactsTest" name="CreateContacts" time="16.612"/>
  <system-out/>
  <testcase classname="contactsModule.T02_CreateContactsTest" name="CreateContacts" time="16.235"/>
  <system-out/>
  <testcase classname="contactsModule.T02_CreateContactsTest" name="CreateContacts" time="16.710"/>
  <system-out/>
</testsuite> <!-- contactsModule.T02_CreateContactsTest -->
