<?xml version="1.0" encoding="UTF-8"?>
<!-- Generated by org.testng.reporters.JUnitReportReporter -->
<testsuite hostname="DESKTOP-V07DUCD" failures="0" tests="1" name="test_cases.T01" time="52.246" errors="0" timestamp="2022-09-07T20:12:47 IST" skipped="0">
  <testcase classname="test_cases.T01" name="t01" time="52.246"/>
  <system-out/>
</testsuite> <!-- test_cases.T01 -->
