<?xml version="1.0" encoding="UTF-8"?>
<!-- Generated by org.testng.reporters.JUnitReportReporter -->
<testsuite hostname="DESKTOP-V07DUCD" failures="0" tests="1" name="organizationModule.T01_CreateContactWithOrgTest" time="46.515" errors="0" timestamp="2022-09-18T10:20:00 IST" skipped="0">
  <testcase classname="organizationModule.T01_CreateContactWithOrgTest" name="createOrgAndContacts" time="46.515"/>
  <system-out/>
</testsuite> <!-- organizationModule.T01_CreateContactWithOrgTest -->
