<?xml version="1.0" encoding="UTF-8"?>
<!-- Generated by org.testng.reporters.JUnitReportReporter -->
<testsuite hostname="DESKTOP-V07DUCD" failures="0" tests="1" name="contactsModule.T01_LoginTest" time="21.275" errors="0" timestamp="2022-09-19T20:19:04 IST" skipped="0">
  <testcase classname="contactsModule.T01_LoginTest" name="loginTest" time="21.275"/>
  <system-out/>
</testsuite> <!-- contactsModule.T01_LoginTest -->
