<?xml version="1.0" encoding="UTF-8"?>
<!-- Generated by org.testng.reporters.JUnitReportReporter -->
<testsuite hostname="DESKTOP-V07DUCD" failures="0" tests="6" name="test_cases.T02_Duplicates" time="51.750" errors="0" timestamp="2022-09-14T19:39:25 IST" skipped="0">
  <testcase classname="test_cases.T02_Duplicates" name="createContacts" time="8.972"/>
  <system-out/>
  <testcase classname="test_cases.T02_Duplicates" name="createContacts" time="9.259"/>
  <system-out/>
  <testcase classname="test_cases.T02_Duplicates" name="createContacts" time="9.669"/>
  <system-out/>
  <testcase classname="test_cases.T02_Duplicates" name="createContacts" time="9.644"/>
  <system-out/>
  <testcase classname="test_cases.T02_Duplicates" name="createContacts" time="9.766"/>
  <system-out/>
  <testcase classname="test_cases.T02_Duplicates" name="validateDuplicates" time="4.440"/>
  <system-out/>
</testsuite> <!-- test_cases.T02_Duplicates -->
