<?xml version="1.0" encoding="UTF-8"?>
<!-- Generated by org.testng.reporters.JUnitReportReporter -->
<testsuite hostname="DESKTOP-V07DUCD" failures="0" tests="3" name="practice.Practice_2" time="141.387" errors="0" timestamp="2022-08-28T00:32:16 IST" skipped="0">
  <testcase classname="practice.Practice_2" name="dataProvider" time="45.699"/>
  <system-out/>
  <testcase classname="practice.Practice_2" name="dataProvider" time="48.946"/>
  <system-out/>
  <testcase classname="practice.Practice_2" name="dataProvider" time="46.742"/>
  <system-out/>
</testsuite> <!-- practice.Practice_2 -->
